TN:
SF:./src/domJSON.js
FN:13,(anonymous_1)
FN:16,(anonymous_2)
FN:28,(anonymous_3)
FN:158,(anonymous_4)
FN:185,(anonymous_5)
FN:207,(anonymous_6)
FN:228,(anonymous_7)
FN:231,(anonymous_8)
FN:252,(anonymous_9)
FN:255,(anonymous_10)
FN:279,(anonymous_11)
FN:322,(anonymous_12)
FN:374,(anonymous_13)
FN:407,(anonymous_14)
FN:440,(anonymous_15)
FN:471,(anonymous_16)
FN:541,(anonymous_17)
FN:619,(anonymous_18)
FN:676,(anonymous_19)
FN:728,(anonymous_20)
FNF:20
FNH:19
FNDA:1,(anonymous_1)
FNDA:0,(anonymous_2)
FNDA:1,(anonymous_3)
FNDA:134,(anonymous_4)
FNDA:22,(anonymous_5)
FNDA:161,(anonymous_6)
FNDA:64,(anonymous_7)
FNDA:26,(anonymous_8)
FNDA:414,(anonymous_9)
FNDA:90,(anonymous_10)
FNDA:630,(anonymous_11)
FNDA:0,(anonymous_12)
FNDA:437,(anonymous_13)
FNDA:165,(anonymous_14)
FNDA:27,(anonymous_15)
FNDA:437,(anonymous_16)
FNDA:30,(anonymous_17)
FNDA:45,(anonymous_18)
FNDA:45,(anonymous_19)
FNDA:5,(anonymous_20)
DA:13,1
DA:15,1
DA:16,1
DA:17,1
DA:19,1
DA:20,1
DA:21,1
DA:22,1
DA:24,1
DA:26,1
DA:36,1
DA:45,1
DA:58,1
DA:86,1
DA:97,1
DA:109,1
DA:122,1
DA:138,1
DA:158,1
DA:159,134
DA:160,1
DA:164,133
DA:165,489
DA:169,133
DA:170,66
DA:171,66
DA:173,67
DA:185,1
DA:186,22
DA:187,1
DA:190,21
DA:191,21
DA:192,187
DA:193,11
DA:194,11
DA:197,21
DA:207,1
DA:208,161
DA:209,4
DA:211,157
DA:212,157
DA:213,390
DA:215,157
DA:228,1
DA:229,64
DA:230,64
DA:231,26
DA:233,60
DA:234,60
DA:235,448
DA:236,155
DA:240,64
DA:252,1
DA:253,414
DA:254,414
DA:255,90
DA:257,406
DA:258,406
DA:259,9613
DA:261,406
DA:262,5379
DA:263,1205
DA:267,414
DA:279,1
DA:281,630
DA:282,2
DA:285,628
DA:286,471
DA:287,412
DA:289,4
DA:290,2
DA:292,2
DA:296,408
DA:297,406
DA:299,2
DA:304,59
DA:307,157
DA:322,1
DA:323,0
DA:324,0
DA:326,0
DA:327,0
DA:328,0
DA:333,0
DA:334,0
DA:338,0
DA:339,0
DA:343,0
DA:344,0
DA:347,0
DA:350,0
DA:351,0
DA:352,0
DA:354,0
DA:355,0
DA:357,0
DA:360,0
DA:362,0
DA:374,1
DA:375,437
DA:377,437
DA:379,53884
DA:381,29200
DA:383,24989
DA:384,24160
DA:385,7585
DA:388,829
DA:394,437
DA:395,437
DA:407,1
DA:408,165
DA:409,165
DA:410,165
DA:413,165
DA:415,0
DA:416,0
DA:420,165
DA:421,404
DA:425,165
DA:426,165
DA:428,165
DA:440,1
DA:442,27
DA:443,27
DA:444,18
DA:446,9
DA:450,18
DA:451,11358
DA:453,5904
DA:458,18
DA:471,1
DA:472,437
DA:475,437
DA:476,182
DA:477,364
DA:478,11
DA:481,255
DA:483,175
DA:487,251
DA:488,165
DA:490,251
DA:491,18
DA:495,251
DA:497,249
DA:498,249
DA:499,249
DA:500,249
DA:501,407
DA:502,407
DA:503,221
DA:508,249
DA:510,251
DA:541,1
DA:542,30
DA:543,30
DA:544,30
DA:545,30
DA:547,30
DA:550,30
DA:558,30
DA:559,30
DA:560,180
DA:561,0
DA:564,30
DA:567,30
DA:568,29
DA:569,2
DA:570,1
DA:572,1
DA:575,27
DA:578,30
DA:579,5
DA:580,2
DA:582,3
DA:585,25
DA:589,30
DA:592,30
DA:593,29
DA:597,29
DA:599,1
DA:603,30
DA:604,1
DA:606,29
DA:619,1
DA:620,45
DA:621,45
DA:623,45
DA:625,30
DA:626,30
DA:628,0
DA:631,15
DA:632,15
DA:634,0
DA:637,0
DA:638,0
DA:640,0
DA:643,0
DA:644,0
DA:646,0
DA:649,0
DA:652,0
DA:653,0
DA:655,0
DA:658,0
DA:661,0
DA:676,1
DA:678,45
DA:679,45
DA:680,45
DA:682,0
DA:686,45
DA:687,975
DA:688,900
DA:693,45
DA:694,45
DA:695,30
DA:703,30
DA:704,75
DA:710,45
DA:711,30
DA:712,40
DA:728,1
DA:729,5
DA:731,5
DA:732,2
DA:735,5
DA:738,5
DA:739,5
DA:740,2
DA:742,3
DA:744,5
DA:751,1
DA:752,1
DA:753,1
DA:754,1
DA:755,1
DA:756,1
DA:757,1
DA:760,1
LF:239
LH:201
BRDA:15,1,0,0
BRDA:15,1,1,1
BRDA:15,2,0,1
BRDA:15,2,1,0
BRDA:19,3,0,0
BRDA:19,3,1,1
BRDA:21,4,0,0
BRDA:21,4,1,0
BRDA:21,5,0,0
BRDA:21,5,1,0
BRDA:46,6,0,1
BRDA:46,6,1,0
BRDA:47,7,0,1
BRDA:47,7,1,0
BRDA:47,8,0,1
BRDA:47,8,1,1
BRDA:159,9,0,1
BRDA:159,9,1,133
BRDA:160,10,0,1
BRDA:160,10,1,1
BRDA:169,11,0,66
BRDA:169,11,1,67
BRDA:186,12,0,1
BRDA:186,12,1,21
BRDA:192,13,0,11
BRDA:192,13,1,176
BRDA:208,14,0,4
BRDA:208,14,1,157
BRDA:230,15,0,4
BRDA:230,15,1,60
BRDA:235,16,0,155
BRDA:235,16,1,293
BRDA:254,17,0,8
BRDA:254,17,1,406
BRDA:262,18,0,1205
BRDA:262,18,1,4174
BRDA:281,19,0,2
BRDA:281,19,1,628
BRDA:282,20,0,1
BRDA:282,20,1,1
BRDA:285,21,0,471
BRDA:285,21,1,157
BRDA:285,22,0,628
BRDA:285,22,1,471
BRDA:286,23,0,412
BRDA:286,23,1,59
BRDA:287,24,0,4
BRDA:287,24,1,408
BRDA:287,25,0,412
BRDA:287,25,1,4
BRDA:289,26,0,2
BRDA:289,26,1,2
BRDA:292,27,0,1
BRDA:292,27,1,1
BRDA:296,28,0,406
BRDA:296,28,1,2
BRDA:323,29,0,0
BRDA:323,29,1,0
BRDA:324,30,0,0
BRDA:324,30,1,0
BRDA:327,31,0,0
BRDA:327,31,1,0
BRDA:333,32,0,0
BRDA:333,32,1,0
BRDA:338,33,0,0
BRDA:338,33,1,0
BRDA:351,34,0,0
BRDA:351,34,1,0
BRDA:354,35,0,0
BRDA:354,35,1,0
BRDA:379,36,0,29200
BRDA:379,36,1,24684
BRDA:379,37,0,53884
BRDA:379,37,1,29202
BRDA:381,38,0,24989
BRDA:381,38,1,4211
BRDA:381,39,0,29200
BRDA:381,39,1,4211
BRDA:383,40,0,24160
BRDA:383,40,1,829
BRDA:384,41,0,7585
BRDA:384,41,1,16575
BRDA:384,42,0,24160
BRDA:384,42,1,18038
BRDA:384,42,2,17125
BRDA:413,43,0,0
BRDA:413,43,1,165
BRDA:413,44,0,165
BRDA:413,44,1,165
BRDA:413,44,2,0
BRDA:425,45,0,165
BRDA:425,45,1,0
BRDA:443,46,0,18
BRDA:443,46,1,9
BRDA:443,47,0,27
BRDA:443,47,1,27
BRDA:451,48,0,5904
BRDA:451,48,1,5454
BRDA:451,49,0,11358
BRDA:451,49,1,11340
BRDA:451,49,2,6588
BRDA:451,49,3,6444
BRDA:458,50,0,12
BRDA:458,50,1,6
BRDA:475,51,0,182
BRDA:475,51,1,255
BRDA:477,52,0,11
BRDA:477,52,1,353
BRDA:481,53,0,175
BRDA:481,53,1,80
BRDA:481,54,0,255
BRDA:481,54,1,253
BRDA:487,55,0,165
BRDA:487,55,1,86
BRDA:487,56,0,251
BRDA:487,56,1,242
BRDA:490,57,0,18
BRDA:490,57,1,233
BRDA:490,58,0,251
BRDA:490,58,1,27
BRDA:495,59,0,249
BRDA:495,59,1,2
BRDA:495,60,0,251
BRDA:495,60,1,4
BRDA:495,60,2,3
BRDA:498,61,0,6
BRDA:498,61,1,243
BRDA:502,62,0,221
BRDA:502,62,1,186
BRDA:551,63,0,0
BRDA:551,63,1,30
BRDA:551,64,0,30
BRDA:551,64,1,0
BRDA:552,65,0,0
BRDA:552,65,1,30
BRDA:552,66,0,30
BRDA:552,66,1,30
BRDA:553,67,0,0
BRDA:553,67,1,30
BRDA:553,68,0,30
BRDA:553,68,1,30
BRDA:554,69,0,0
BRDA:554,69,1,30
BRDA:554,70,0,30
BRDA:554,70,1,30
BRDA:555,71,0,0
BRDA:555,71,1,30
BRDA:555,72,0,30
BRDA:555,72,1,30
BRDA:556,73,0,0
BRDA:556,73,1,30
BRDA:556,74,0,30
BRDA:556,74,1,30
BRDA:560,75,0,0
BRDA:560,75,1,180
BRDA:560,76,0,180
BRDA:560,76,1,30
BRDA:567,77,0,29
BRDA:567,77,1,1
BRDA:568,78,0,2
BRDA:568,78,1,27
BRDA:568,79,0,29
BRDA:568,79,1,2
BRDA:569,80,0,1
BRDA:569,80,1,1
BRDA:578,81,0,5
BRDA:578,81,1,25
BRDA:579,82,0,2
BRDA:579,82,1,3
BRDA:592,83,0,29
BRDA:592,83,1,1
BRDA:603,84,0,1
BRDA:603,84,1,29
BRDA:620,85,0,45
BRDA:620,85,1,0
BRDA:623,86,0,30
BRDA:623,86,1,15
BRDA:623,86,2,0
BRDA:623,86,3,0
BRDA:623,86,4,0
BRDA:623,86,5,0
BRDA:623,86,6,0
BRDA:623,86,7,0
BRDA:625,87,0,30
BRDA:625,87,1,0
BRDA:631,88,0,15
BRDA:631,88,1,0
BRDA:631,89,0,15
BRDA:631,89,1,15
BRDA:637,90,0,0
BRDA:637,90,1,0
BRDA:637,91,0,0
BRDA:637,91,1,0
BRDA:643,92,0,0
BRDA:643,92,1,0
BRDA:652,93,0,0
BRDA:652,93,1,0
BRDA:652,94,0,0
BRDA:652,94,1,0
BRDA:652,94,2,0
BRDA:678,95,0,45
BRDA:678,95,1,0
BRDA:687,96,0,900
BRDA:687,96,1,75
BRDA:694,97,0,30
BRDA:694,97,1,15
BRDA:694,98,0,45
BRDA:694,98,1,30
BRDA:695,99,0,30
BRDA:695,99,1,0
BRDA:710,100,0,30
BRDA:710,100,1,15
BRDA:710,101,0,45
BRDA:710,101,1,45
BRDA:731,102,0,2
BRDA:731,102,1,3
BRDA:739,103,0,2
BRDA:739,103,1,3
BRF:218
BRH:169
end_of_record
