TN:
SF:./src/domJSON.js
FN:13,(anonymous_1)
FN:16,(anonymous_2)
FN:28,(anonymous_3)
FN:130,(anonymous_4)
FN:157,(anonymous_5)
FN:179,(anonymous_6)
FN:200,(anonymous_7)
FN:203,(anonymous_8)
FN:224,(anonymous_9)
FN:227,(anonymous_10)
FN:251,(anonymous_11)
FN:286,(anonymous_12)
FN:332,(anonymous_13)
FN:359,(anonymous_14)
FN:386,(anonymous_15)
FN:410,(anonymous_16)
FN:477,(anonymous_17)
FN:548,(anonymous_18)
FN:609,(anonymous_19)
FN:658,(anonymous_20)
FNF:20
FNH:16
FNDA:1,(anonymous_1)
FNDA:0,(anonymous_2)
FNDA:1,(anonymous_3)
FNDA:120,(anonymous_4)
FNDA:20,(anonymous_5)
FNDA:155,(anonymous_6)
FNDA:49,(anonymous_7)
FNDA:26,(anonymous_8)
FNDA:413,(anonymous_9)
FNDA:74,(anonymous_10)
FNDA:609,(anonymous_11)
FNDA:0,(anonymous_12)
FNDA:422,(anonymous_13)
FNDA:159,(anonymous_14)
FNDA:27,(anonymous_15)
FNDA:422,(anonymous_16)
FNDA:29,(anonymous_17)
FNDA:0,(anonymous_18)
FNDA:0,(anonymous_19)
FNDA:0,(anonymous_20)
DA:13,1
DA:15,1
DA:16,1
DA:17,1
DA:19,1
DA:20,1
DA:21,1
DA:22,1
DA:24,1
DA:26,1
DA:36,1
DA:41,1
DA:50,1
DA:74,1
DA:81,1
DA:89,1
DA:98,1
DA:110,1
DA:130,1
DA:131,120
DA:132,1
DA:136,119
DA:137,466
DA:141,119
DA:142,59
DA:143,59
DA:145,60
DA:157,1
DA:158,20
DA:159,1
DA:162,19
DA:163,19
DA:164,156
DA:165,11
DA:166,11
DA:169,19
DA:179,1
DA:180,155
DA:181,4
DA:183,151
DA:184,151
DA:185,375
DA:187,151
DA:200,1
DA:201,49
DA:202,49
DA:203,26
DA:205,45
DA:206,45
DA:207,223
DA:208,125
DA:212,49
DA:224,1
DA:225,413
DA:226,413
DA:227,74
DA:229,406
DA:230,406
DA:231,9613
DA:233,406
DA:234,5379
DA:235,1205
DA:239,413
DA:251,1
DA:253,609
DA:254,2
DA:257,607
DA:258,456
DA:259,412
DA:261,4
DA:262,2
DA:264,2
DA:268,408
DA:269,406
DA:271,2
DA:276,44
DA:279,151
DA:286,1
DA:287,0
DA:288,0
DA:290,0
DA:291,0
DA:292,0
DA:297,0
DA:298,0
DA:302,0
DA:303,0
DA:307,0
DA:308,0
DA:311,0
DA:314,0
DA:315,0
DA:316,0
DA:318,0
DA:319,0
DA:321,0
DA:324,0
DA:326,0
DA:332,1
DA:333,422
DA:335,422
DA:337,52073
DA:339,28229
DA:341,24160
DA:342,23331
DA:343,7321
DA:346,829
DA:352,422
DA:353,422
DA:359,1
DA:360,159
DA:361,159
DA:362,159
DA:365,159
DA:367,0
DA:368,0
DA:372,159
DA:373,389
DA:377,159
DA:378,159
DA:380,159
DA:386,1
DA:388,27
DA:389,27
DA:390,18
DA:392,9
DA:396,18
DA:397,11358
DA:399,5904
DA:404,18
DA:410,1
DA:411,422
DA:414,422
DA:415,176
DA:416,352
DA:417,11
DA:420,246
DA:422,169
DA:426,242
DA:427,159
DA:429,242
DA:430,18
DA:434,242
DA:436,240
DA:437,240
DA:438,240
DA:439,240
DA:440,393
DA:441,393
DA:442,213
DA:447,240
DA:449,242
DA:477,1
DA:478,29
DA:479,29
DA:480,29
DA:481,29
DA:483,29
DA:486,29
DA:494,29
DA:495,29
DA:496,174
DA:497,0
DA:500,29
DA:503,29
DA:504,28
DA:505,2
DA:506,1
DA:508,1
DA:511,26
DA:514,29
DA:515,4
DA:516,2
DA:518,2
DA:521,25
DA:525,29
DA:528,29
DA:529,28
DA:533,28
DA:535,1
DA:539,29
DA:540,1
DA:542,28
DA:548,1
DA:549,0
DA:550,0
DA:552,0
DA:554,0
DA:555,0
DA:557,0
DA:560,0
DA:561,0
DA:563,0
DA:566,0
DA:567,0
DA:569,0
DA:572,0
DA:573,0
DA:575,0
DA:578,0
DA:579,0
DA:581,0
DA:584,0
DA:585,0
DA:587,0
DA:590,0
DA:593,0
DA:594,0
DA:596,0
DA:599,0
DA:602,0
DA:609,1
DA:611,0
DA:612,0
DA:613,0
DA:615,0
DA:619,0
DA:620,0
DA:621,0
DA:626,0
DA:627,0
DA:628,0
DA:636,0
DA:637,0
DA:643,0
DA:644,0
DA:645,0
DA:658,1
DA:660,0
DA:661,0
DA:664,0
DA:667,0
DA:668,0
DA:669,0
DA:671,0
DA:673,0
DA:680,1
DA:681,1
DA:682,1
DA:683,1
DA:684,1
DA:685,1
DA:686,1
DA:689,1
LF:244
LH:171
BRDA:15,1,0,0
BRDA:15,1,1,1
BRDA:15,2,0,1
BRDA:15,2,1,0
BRDA:19,3,0,0
BRDA:19,3,1,1
BRDA:21,4,0,0
BRDA:21,4,1,0
BRDA:21,5,0,0
BRDA:21,5,1,0
BRDA:42,6,0,1
BRDA:42,6,1,0
BRDA:43,7,0,1
BRDA:43,7,1,0
BRDA:43,8,0,1
BRDA:43,8,1,1
BRDA:131,9,0,1
BRDA:131,9,1,119
BRDA:132,10,0,1
BRDA:132,10,1,1
BRDA:141,11,0,59
BRDA:141,11,1,60
BRDA:158,12,0,1
BRDA:158,12,1,19
BRDA:164,13,0,11
BRDA:164,13,1,145
BRDA:180,14,0,4
BRDA:180,14,1,151
BRDA:202,15,0,4
BRDA:202,15,1,45
BRDA:207,16,0,125
BRDA:207,16,1,98
BRDA:226,17,0,7
BRDA:226,17,1,406
BRDA:234,18,0,1205
BRDA:234,18,1,4174
BRDA:253,19,0,2
BRDA:253,19,1,607
BRDA:254,20,0,1
BRDA:254,20,1,1
BRDA:257,21,0,456
BRDA:257,21,1,151
BRDA:257,22,0,607
BRDA:257,22,1,456
BRDA:258,23,0,412
BRDA:258,23,1,44
BRDA:259,24,0,4
BRDA:259,24,1,408
BRDA:259,25,0,412
BRDA:259,25,1,4
BRDA:261,26,0,2
BRDA:261,26,1,2
BRDA:264,27,0,1
BRDA:264,27,1,1
BRDA:268,28,0,406
BRDA:268,28,1,2
BRDA:287,29,0,0
BRDA:287,29,1,0
BRDA:288,30,0,0
BRDA:288,30,1,0
BRDA:291,31,0,0
BRDA:291,31,1,0
BRDA:297,32,0,0
BRDA:297,32,1,0
BRDA:302,33,0,0
BRDA:302,33,1,0
BRDA:315,34,0,0
BRDA:315,34,1,0
BRDA:318,35,0,0
BRDA:318,35,1,0
BRDA:337,36,0,28229
BRDA:337,36,1,23844
BRDA:337,37,0,52073
BRDA:337,37,1,28231
BRDA:339,38,0,24160
BRDA:339,38,1,4069
BRDA:339,39,0,28229
BRDA:339,39,1,4069
BRDA:341,40,0,23331
BRDA:341,40,1,829
BRDA:342,41,0,7321
BRDA:342,41,1,16010
BRDA:342,42,0,23331
BRDA:342,42,1,17428
BRDA:342,42,2,16542
BRDA:365,43,0,0
BRDA:365,43,1,159
BRDA:365,44,0,159
BRDA:365,44,1,159
BRDA:365,44,2,0
BRDA:377,45,0,159
BRDA:377,45,1,0
BRDA:389,46,0,18
BRDA:389,46,1,9
BRDA:389,47,0,27
BRDA:389,47,1,27
BRDA:397,48,0,5904
BRDA:397,48,1,5454
BRDA:397,49,0,11358
BRDA:397,49,1,11340
BRDA:397,49,2,6588
BRDA:397,49,3,6444
BRDA:404,50,0,12
BRDA:404,50,1,6
BRDA:414,51,0,176
BRDA:414,51,1,246
BRDA:416,52,0,11
BRDA:416,52,1,341
BRDA:420,53,0,169
BRDA:420,53,1,77
BRDA:420,54,0,246
BRDA:420,54,1,244
BRDA:426,55,0,159
BRDA:426,55,1,83
BRDA:426,56,0,242
BRDA:426,56,1,233
BRDA:429,57,0,18
BRDA:429,57,1,224
BRDA:429,58,0,242
BRDA:429,58,1,27
BRDA:434,59,0,240
BRDA:434,59,1,2
BRDA:434,60,0,242
BRDA:434,60,1,4
BRDA:434,60,2,3
BRDA:437,61,0,6
BRDA:437,61,1,234
BRDA:441,62,0,213
BRDA:441,62,1,180
BRDA:487,63,0,0
BRDA:487,63,1,29
BRDA:487,64,0,29
BRDA:487,64,1,0
BRDA:488,65,0,0
BRDA:488,65,1,29
BRDA:488,66,0,29
BRDA:488,66,1,29
BRDA:489,67,0,0
BRDA:489,67,1,29
BRDA:489,68,0,29
BRDA:489,68,1,29
BRDA:490,69,0,0
BRDA:490,69,1,29
BRDA:490,70,0,29
BRDA:490,70,1,29
BRDA:491,71,0,0
BRDA:491,71,1,29
BRDA:491,72,0,29
BRDA:491,72,1,29
BRDA:492,73,0,0
BRDA:492,73,1,29
BRDA:492,74,0,29
BRDA:492,74,1,29
BRDA:496,75,0,0
BRDA:496,75,1,174
BRDA:496,76,0,174
BRDA:496,76,1,29
BRDA:503,77,0,28
BRDA:503,77,1,1
BRDA:504,78,0,2
BRDA:504,78,1,26
BRDA:504,79,0,28
BRDA:504,79,1,2
BRDA:505,80,0,1
BRDA:505,80,1,1
BRDA:514,81,0,4
BRDA:514,81,1,25
BRDA:515,82,0,2
BRDA:515,82,1,2
BRDA:528,83,0,28
BRDA:528,83,1,1
BRDA:539,84,0,1
BRDA:539,84,1,28
BRDA:549,85,0,0
BRDA:549,85,1,0
BRDA:552,86,0,0
BRDA:552,86,1,0
BRDA:552,86,2,0
BRDA:552,86,3,0
BRDA:552,86,4,0
BRDA:552,86,5,0
BRDA:552,86,6,0
BRDA:552,86,7,0
BRDA:552,86,8,0
BRDA:552,86,9,0
BRDA:554,87,0,0
BRDA:554,87,1,0
BRDA:560,88,0,0
BRDA:560,88,1,0
BRDA:560,89,0,0
BRDA:560,89,1,0
BRDA:566,90,0,0
BRDA:566,90,1,0
BRDA:566,91,0,0
BRDA:566,91,1,0
BRDA:572,92,0,0
BRDA:572,92,1,0
BRDA:578,93,0,0
BRDA:578,93,1,0
BRDA:578,94,0,0
BRDA:578,94,1,0
BRDA:584,95,0,0
BRDA:584,95,1,0
BRDA:593,96,0,0
BRDA:593,96,1,0
BRDA:593,97,0,0
BRDA:593,97,1,0
BRDA:593,97,2,0
BRDA:611,98,0,0
BRDA:611,98,1,0
BRDA:620,99,0,0
BRDA:620,99,1,0
BRDA:627,100,0,0
BRDA:627,100,1,0
BRDA:627,101,0,0
BRDA:627,101,1,0
BRDA:628,102,0,0
BRDA:628,102,1,0
BRDA:643,103,0,0
BRDA:643,103,1,0
BRDA:643,104,0,0
BRDA:643,104,1,0
BRDA:660,105,0,0
BRDA:660,105,1,0
BRDA:668,106,0,0
BRDA:668,106,1,0
BRF:226
BRH:146
end_of_record
